<?xml version="1.0" encoding="UTF-8"?>
<!-- Generated by org.testng.reporters.JUnitXMLReporter -->
<testsuite hostname="LAPTOP-EUB4298J" ignored="1" name="Default test" tests="1" failures="0" timestamp="28 Dec 2019 22:21:14 GMT" time="0.05" errors="0">
  <testcase name="@BeforeSuite initApplication1" time="0.02" classname="com.Assignment.constants.BaseTest">
    <failure type="java.lang.NumberFormatException" message="For input string: &amp;quot;&amp;quot;">
      <![CDATA[java.lang.NumberFormatException: For input string: ""
at java.lang.NumberFormatException.forInputString(Unknown Source)
at java.lang.Long.parseLong(Unknown Source)
at java.lang.Long.parseLong(Unknown Source)
at com.Assignment.constants.BaseTest.initFrameWork(BaseTest.java:40)
at com.Assignment.constants.BaseTest.initApplication1(BaseTest.java:44)
at sun.reflect.NativeMethodAccessorImpl.invoke0(Native Method)
at sun.reflect.NativeMethodAccessorImpl.invoke(Unknown Source)
at sun.reflect.DelegatingMethodAccessorImpl.invoke(Unknown Source)
at java.lang.reflect.Method.invoke(Unknown Source)
at org.testng.internal.MethodInvocationHelper.invokeMethod(MethodInvocationHelper.java:124)
at org.testng.internal.MethodInvocationHelper.invokeMethodConsideringTimeout(MethodInvocationHelper.java:59)
at org.testng.internal.Invoker.invokeConfigurationMethod(Invoker.java:458)
at org.testng.internal.Invoker.invokeConfigurations(Invoker.java:222)
at org.testng.internal.Invoker.invokeConfigurations(Invoker.java:142)
at org.testng.SuiteRunner.privateRun(SuiteRunner.java:401)
at org.testng.SuiteRunner.run(SuiteRunner.java:364)
at org.testng.SuiteRunnerWorker.runSuite(SuiteRunnerWorker.java:52)
at org.testng.SuiteRunnerWorker.run(SuiteRunnerWorker.java:84)
at org.testng.TestNG.runSuitesSequentially(TestNG.java:1208)
at org.testng.TestNG.runSuitesLocally(TestNG.java:1137)
at org.testng.TestNG.runSuites(TestNG.java:1049)
at org.testng.TestNG.run(TestNG.java:1017)
at org.testng.remote.AbstractRemoteTestNG.run(AbstractRemoteTestNG.java:114)
at org.testng.remote.RemoteTestNG.initAndRun(RemoteTestNG.java:251)
at org.testng.remote.RemoteTestNG.main(RemoteTestNG.java:77)
]]>
    </failure>
  </testcase> <!-- @BeforeSuite initApplication1 -->
  <testcase name="@BeforeClass initApplication2" time="0.0" classname="com.Assignment.constants.BaseTest">
    <skipped/>
  </testcase> <!-- @BeforeClass initApplication2 -->
  <testcase name="HomePageloading" time="0.0" classname="com.Assignment.Tests.HomePage">
    <skipped/>
  </testcase> <!-- HomePageloading -->
  <testcase name="@BeforeSuite initApplication1" time="0.0" classname="com.Assignment.constants.BaseTest">
    <ignored/>
  </testcase> <!-- @BeforeSuite initApplication1 -->
</testsuite> <!-- Default test -->
